--- Provisioning Summary (Mon 02 Mar 2026 11:34:47 WAT) ---
Created: None
Skipped: None
Errors:  None
--------------------------------------
--- Provisioning Summary (Mon 02 Mar 2026 11:35:41 WAT) ---
Created: Precious Tony Uche
Skipped: None
Errors:  None
--------------------------------------
--- Provisioning Summary (Mon 02 Mar 2026 11:39:41 WAT) ---
Created: None
Skipped: None
Errors:  None
--------------------------------------
--- Provisioning Summary (Mon 02 Mar 2026 11:42:17 WAT) ---
Created: None
Skipped: None
Errors:  None
--------------------------------------
--- Provisioning Summary (Mon 02 Mar 2026 11:42:32 WAT) ---
Created: Precious Tony Uche
Skipped: None
Errors:  None
--------------------------------------
--- Provisioning Summary (Mon 02 Mar 2026 11:45:09 WAT) ---
Created: None
Skipped: None
Errors:  None
--------------------------------------
